C:\MUSERVERKG\SOURCES\DATASERVER\DATASERVER\RELEASE\DATASERVER_EX603\ALLOWABLEIPLIST.OBJ
C:\MUSERVERKG\SOURCES\DATASERVER\DATASERVER\RELEASE\DATASERVER_EX603\ARCABATTLE.OBJ
C:\MUSERVERKG\SOURCES\DATASERVER\DATASERVER\RELEASE\DATASERVER_EX603\BADSYNTAX.OBJ
C:\MUSERVERKG\SOURCES\DATASERVER\DATASERVER\RELEASE\DATASERVER_EX603\CASHSHOP.OBJ
C:\MUSERVERKG\SOURCES\DATASERVER\DATASERVER\RELEASE\DATASERVER_EX603\CASTLEDBSET.OBJ
C:\MUSERVERKG\SOURCES\DATASERVER\DATASERVER\RELEASE\DATASERVER_EX603\CHARACTERMANAGER.OBJ
C:\MuServerKG\Sources\DataServer\DataServer\Release\DataServer_EX603\cl.command.1.tlog
C:\MuServerKG\Sources\DataServer\DataServer\Release\DataServer_EX603\CL.read.1.tlog
C:\MuServerKG\Sources\DataServer\DataServer\Release\DataServer_EX603\CL.write.1.tlog
C:\MUSERVERKG\SOURCES\DATASERVER\DATASERVER\RELEASE\DATASERVER_EX603\COMMANDMANAGER.OBJ
C:\MUSERVERKG\SOURCES\DATASERVER\DATASERVER\RELEASE\DATASERVER_EX603\CRITICALSECTION.OBJ
C:\MUSERVERKG\SOURCES\DATASERVER\DATASERVER\RELEASE\DATASERVER_EX603\CSPROTOCOL.OBJ
C:\MUSERVERKG\SOURCES\DATASERVER\DATASERVER\RELEASE\DATASERVER_EX603\DATASERVER.EXE.INTERMEDIATE.MANIFEST
C:\MUSERVERKG\SOURCES\DATASERVER\DATASERVER\RELEASE\DATASERVER_EX603\DATASERVER.OBJ
C:\MUSERVERKG\SOURCES\DATASERVER\DATASERVER\RELEASE\DATASERVER_EX603\DATASERVER.PCH
C:\MUSERVERKG\SOURCES\DATASERVER\DATASERVER\RELEASE\DATASERVER_EX603\DATASERVER.RES
C:\MuServerKG\Sources\DataServer\DataServer\Release\DataServer_EX603\DataServer.write.1.tlog
C:\MUSERVERKG\SOURCES\DATASERVER\DATASERVER\RELEASE\DATASERVER_EX603\DATASERVERPROTOCOL.OBJ
C:\MUSERVERKG\SOURCES\DATASERVER\DATASERVER\RELEASE\DATASERVER_EX603\ESPROTOCOL.OBJ
C:\MUSERVERKG\SOURCES\DATASERVER\DATASERVER\RELEASE\DATASERVER_EX603\EVENTINVENTORY.OBJ
C:\MUSERVERKG\SOURCES\DATASERVER\DATASERVER\RELEASE\DATASERVER_EX603\GENSSYSTEM.OBJ
C:\MUSERVERKG\SOURCES\DATASERVER\DATASERVER\RELEASE\DATASERVER_EX603\GUILDMANAGER.OBJ
C:\MUSERVERKG\SOURCES\DATASERVER\DATASERVER\RELEASE\DATASERVER_EX603\GUILDMATCHING.OBJ
C:\MUSERVERKG\SOURCES\DATASERVER\DATASERVER\RELEASE\DATASERVER_EX603\HELPER.OBJ
C:\MuServerKG\Sources\DataServer\DataServer\Release\DataServer_EX603\link.command.1.tlog
C:\MuServerKG\Sources\DataServer\DataServer\Release\DataServer_EX603\link.read.1.tlog
C:\MuServerKG\Sources\DataServer\DataServer\Release\DataServer_EX603\link.write.1.tlog
C:\MuServerKG\Sources\DataServer\DataServer\Release\DataServer_EX603\link-cvtres.read.1.tlog
C:\MuServerKG\Sources\DataServer\DataServer\Release\DataServer_EX603\link-cvtres.write.1.tlog
C:\MUSERVERKG\SOURCES\DATASERVER\DATASERVER\RELEASE\DATASERVER_EX603\LOG.OBJ
C:\MUSERVERKG\SOURCES\DATASERVER\DATASERVER\RELEASE\DATASERVER_EX603\LUCKYCOIN.OBJ
C:\MUSERVERKG\SOURCES\DATASERVER\DATASERVER\RELEASE\DATASERVER_EX603\LUCKYITEM.OBJ
C:\MUSERVERKG\SOURCES\DATASERVER\DATASERVER\RELEASE\DATASERVER_EX603\MASTERSKILLTREE.OBJ
C:\MUSERVERKG\SOURCES\DATASERVER\DATASERVER\RELEASE\DATASERVER_EX603\MEMSCRIPT.OBJ
C:\MUSERVERKG\SOURCES\DATASERVER\DATASERVER\RELEASE\DATASERVER_EX603\MINIDUMP.OBJ
C:\MuServerKG\Sources\DataServer\DataServer\Release\DataServer_EX603\mt.command.1.tlog
C:\MuServerKG\Sources\DataServer\DataServer\Release\DataServer_EX603\mt.read.1.tlog
C:\MuServerKG\Sources\DataServer\DataServer\Release\DataServer_EX603\mt.write.1.tlog
C:\MUSERVERKG\SOURCES\DATASERVER\DATASERVER\RELEASE\DATASERVER_EX603\MURUMMY.OBJ
C:\MUSERVERKG\SOURCES\DATASERVER\DATASERVER\RELEASE\DATASERVER_EX603\MUUNSYSTEM.OBJ
C:\MUSERVERKG\SOURCES\DATASERVER\DATASERVER\RELEASE\DATASERVER_EX603\NPCTALK.OBJ
C:\MUSERVERKG\SOURCES\DATASERVER\DATASERVER\RELEASE\DATASERVER_EX603\PARTYMATCHING.OBJ
C:\MUSERVERKG\SOURCES\DATASERVER\DATASERVER\RELEASE\DATASERVER_EX603\PCPOINT.OBJ
C:\MUSERVERKG\SOURCES\DATASERVER\DATASERVER\RELEASE\DATASERVER_EX603\PENTAGRAMSYSTEM.OBJ
C:\MUSERVERKG\SOURCES\DATASERVER\DATASERVER\RELEASE\DATASERVER_EX603\PERSONALSHOP.OBJ
C:\MUSERVERKG\SOURCES\DATASERVER\DATASERVER\RELEASE\DATASERVER_EX603\PROTECT.OBJ
C:\MUSERVERKG\SOURCES\DATASERVER\DATASERVER\RELEASE\DATASERVER_EX603\QUERYMANAGER.OBJ
C:\MUSERVERKG\SOURCES\DATASERVER\DATASERVER\RELEASE\DATASERVER_EX603\QUEST.OBJ
C:\MUSERVERKG\SOURCES\DATASERVER\DATASERVER\RELEASE\DATASERVER_EX603\QUESTWORLD.OBJ
C:\MUSERVERKG\SOURCES\DATASERVER\DATASERVER\RELEASE\DATASERVER_EX603\QUEUE.OBJ
C:\MuServerKG\Sources\DataServer\DataServer\Release\DataServer_EX603\rc.command.1.tlog
C:\MuServerKG\Sources\DataServer\DataServer\Release\DataServer_EX603\rc.read.1.tlog
C:\MuServerKG\Sources\DataServer\DataServer\Release\DataServer_EX603\rc.write.1.tlog
C:\MUSERVERKG\SOURCES\DATASERVER\DATASERVER\RELEASE\DATASERVER_EX603\REIDOMU.OBJ
C:\MUSERVERKG\SOURCES\DATASERVER\DATASERVER\RELEASE\DATASERVER_EX603\SERVERDISPLAYER.OBJ
C:\MUSERVERKG\SOURCES\DATASERVER\DATASERVER\RELEASE\DATASERVER_EX603\SERVERMANAGER.OBJ
C:\MUSERVERKG\SOURCES\DATASERVER\DATASERVER\RELEASE\DATASERVER_EX603\SOCKETMANAGER.OBJ
C:\MUSERVERKG\SOURCES\DATASERVER\DATASERVER\RELEASE\DATASERVER_EX603\STDAFX.OBJ
C:\MUSERVERKG\SOURCES\DATASERVER\DATASERVER\RELEASE\DATASERVER_EX603\UTIL.OBJ
C:\MUSERVERKG\SOURCES\DATASERVER\DATASERVER\RELEASE\DATASERVER_EX603\VC100.PDB
C:\MUSERVERKG\SOURCES\DATASERVER\DATASERVER\RELEASE\DATASERVER_EX603\WAREHOUSE.OBJ
C:\MUSERVERKG\SOURCES\DATASERVER\RELEASE\DATASERVER_EX603\DATASERVER.EXE
C:\MUSERVERKG\SOURCES\DATASERVER\RELEASE\DATASERVER_EX603\DATASERVER.PDB
