C:\MUSERVERKG\SOURCES\JOINSERVER\JOINSERVER\RELEASE\JOINSERVER_EX603\ACCOUNTMANAGER.OBJ
C:\MUSERVERKG\SOURCES\JOINSERVER\JOINSERVER\RELEASE\JOINSERVER_EX603\ALLOWABLEIPLIST.OBJ
C:\MuServerKG\Sources\JoinServer\JoinServer\Release\JoinServer_EX603\cl.command.1.tlog
C:\MuServerKG\Sources\JoinServer\JoinServer\Release\JoinServer_EX603\CL.read.1.tlog
C:\MuServerKG\Sources\JoinServer\JoinServer\Release\JoinServer_EX603\CL.write.1.tlog
C:\MUSERVERKG\SOURCES\JOINSERVER\JOINSERVER\RELEASE\JOINSERVER_EX603\CRITICALSECTION.OBJ
C:\MUSERVERKG\SOURCES\JOINSERVER\JOINSERVER\RELEASE\JOINSERVER_EX603\JOINSERVER.EXE.INTERMEDIATE.MANIFEST
C:\MUSERVERKG\SOURCES\JOINSERVER\JOINSERVER\RELEASE\JOINSERVER_EX603\JOINSERVER.OBJ
C:\MUSERVERKG\SOURCES\JOINSERVER\JOINSERVER\RELEASE\JOINSERVER_EX603\JOINSERVER.PCH
C:\MUSERVERKG\SOURCES\JOINSERVER\JOINSERVER\RELEASE\JOINSERVER_EX603\JOINSERVER.RES
C:\MuServerKG\Sources\JoinServer\JoinServer\Release\JoinServer_EX603\JoinServer.write.1.tlog
C:\MUSERVERKG\SOURCES\JOINSERVER\JOINSERVER\RELEASE\JOINSERVER_EX603\JOINSERVERPROTOCOL.OBJ
C:\MuServerKG\Sources\JoinServer\JoinServer\Release\JoinServer_EX603\link.command.1.tlog
C:\MuServerKG\Sources\JoinServer\JoinServer\Release\JoinServer_EX603\link.read.1.tlog
C:\MuServerKG\Sources\JoinServer\JoinServer\Release\JoinServer_EX603\link.write.1.tlog
C:\MuServerKG\Sources\JoinServer\JoinServer\Release\JoinServer_EX603\link-cvtres.read.1.tlog
C:\MuServerKG\Sources\JoinServer\JoinServer\Release\JoinServer_EX603\link-cvtres.write.1.tlog
C:\MUSERVERKG\SOURCES\JOINSERVER\JOINSERVER\RELEASE\JOINSERVER_EX603\LOG.OBJ
C:\MUSERVERKG\SOURCES\JOINSERVER\JOINSERVER\RELEASE\JOINSERVER_EX603\MD5.OBJ
C:\MUSERVERKG\SOURCES\JOINSERVER\JOINSERVER\RELEASE\JOINSERVER_EX603\MEMSCRIPT.OBJ
C:\MUSERVERKG\SOURCES\JOINSERVER\JOINSERVER\RELEASE\JOINSERVER_EX603\MINIDUMP.OBJ
C:\MuServerKG\Sources\JoinServer\JoinServer\Release\JoinServer_EX603\mt.command.1.tlog
C:\MuServerKG\Sources\JoinServer\JoinServer\Release\JoinServer_EX603\mt.read.1.tlog
C:\MuServerKG\Sources\JoinServer\JoinServer\Release\JoinServer_EX603\mt.write.1.tlog
C:\MUSERVERKG\SOURCES\JOINSERVER\JOINSERVER\RELEASE\JOINSERVER_EX603\PROTECT.OBJ
C:\MUSERVERKG\SOURCES\JOINSERVER\JOINSERVER\RELEASE\JOINSERVER_EX603\QUERYMANAGER.OBJ
C:\MUSERVERKG\SOURCES\JOINSERVER\JOINSERVER\RELEASE\JOINSERVER_EX603\QUEUE.OBJ
C:\MuServerKG\Sources\JoinServer\JoinServer\Release\JoinServer_EX603\rc.command.1.tlog
C:\MuServerKG\Sources\JoinServer\JoinServer\Release\JoinServer_EX603\rc.read.1.tlog
C:\MuServerKG\Sources\JoinServer\JoinServer\Release\JoinServer_EX603\rc.write.1.tlog
C:\MUSERVERKG\SOURCES\JOINSERVER\JOINSERVER\RELEASE\JOINSERVER_EX603\SERVERDISPLAYER.OBJ
C:\MUSERVERKG\SOURCES\JOINSERVER\JOINSERVER\RELEASE\JOINSERVER_EX603\SERVERMANAGER.OBJ
C:\MUSERVERKG\SOURCES\JOINSERVER\JOINSERVER\RELEASE\JOINSERVER_EX603\SOCKETMANAGER.OBJ
C:\MUSERVERKG\SOURCES\JOINSERVER\JOINSERVER\RELEASE\JOINSERVER_EX603\SOCKETMANAGERUDP.OBJ
C:\MUSERVERKG\SOURCES\JOINSERVER\JOINSERVER\RELEASE\JOINSERVER_EX603\STDAFX.OBJ
C:\MUSERVERKG\SOURCES\JOINSERVER\JOINSERVER\RELEASE\JOINSERVER_EX603\UTIL.OBJ
C:\MUSERVERKG\SOURCES\JOINSERVER\JOINSERVER\RELEASE\JOINSERVER_EX603\VC100.PDB
C:\MUSERVERKG\SOURCES\JOINSERVER\RELEASE\JOINSERVER_EX603\JOINSERVER.EXE
C:\MUSERVERKG\SOURCES\JOINSERVER\RELEASE\JOINSERVER_EX603\JOINSERVER.PDB
